<?xml version="1.0" encoding="UTF-8"?>
<!-- Generated by org.testng.reporters.JUnitReportReporter -->
<testsuite skipped="0" hostname="ip-10-20-1-174" name="test12.prasad" tests="1" failures="0" timestamp="04 Apr 2021 14:51:43 GMT" time="4.426" errors="0">
  <testcase name="google" time="4.426" classname="test12.prasad"/>
</testsuite> <!-- test12.prasad -->
